[INFO ] 2023-03-27 11:44:30.112 [main] Log - LoginPage Test is starting. 
[ERROR] 2023-03-27 11:44:30.354 [main] Log - LoginPageTest is failed
[INFO ] 2023-03-27 11:44:30.404 [main] Log - I am on finish method testng
[INFO ] 2023-03-27 11:46:45.736 [main] Log - LoginPage Test is starting. 
[ERROR] 2023-03-27 11:46:45.938 [main] Log - LoginPageTest is failed
[INFO ] 2023-03-27 11:46:45.978 [main] Log - I am on finish method testng
[INFO ] 2023-03-27 11:47:41.967 [main] Log - LoginPage Test is starting. 
[ERROR] 2023-03-27 11:47:42.168 [main] Log - LoginPageTest is failed
[INFO ] 2023-03-27 11:47:42.219 [main] Log - I am on finish method testng
[INFO ] 2023-03-27 11:52:17.354 [main] Log - Opened chrome browser
[INFO ] 2023-03-27 11:52:17.812 [main] Log - Window is maximized
[INFO ] 2023-03-27 11:52:22.932 [main] Log - Opened URL is  https://pulse-stage.projectai.com/login
[INFO ] 2023-03-27 11:52:22.957 [main] Log - LoginPage Test is starting. 
[INFO ] 2023-03-27 11:52:23.033 [main] Log - Text in the element is [[ChromeDriver: chrome on WINDOWS (9bd9ae2268bb7fd4fd650b11d092f33f)] -> xpath: //input[@name='username']]is cleared
[INFO ] 2023-03-27 11:52:23.093 [main] Log - Cliked on textbox [[ChromeDriver: chrome on WINDOWS (9bd9ae2268bb7fd4fd650b11d092f33f)] -> xpath: //input[@name='username']]
[INFO ] 2023-03-27 11:52:23.177 [main] Log - Entered text on [[ChromeDriver: chrome on WINDOWS (9bd9ae2268bb7fd4fd650b11d092f33f)] -> xpath: //input[@name='username']] text
[INFO ] 2023-03-27 11:52:23.224 [main] Log - Text in the element is [[ChromeDriver: chrome on WINDOWS (9bd9ae2268bb7fd4fd650b11d092f33f)] -> xpath: //input[@name='password']]is cleared
[INFO ] 2023-03-27 11:52:23.269 [main] Log - Cliked on textbox [[ChromeDriver: chrome on WINDOWS (9bd9ae2268bb7fd4fd650b11d092f33f)] -> xpath: //input[@name='password']]
[INFO ] 2023-03-27 11:52:23.327 [main] Log - Entered text on [[ChromeDriver: chrome on WINDOWS (9bd9ae2268bb7fd4fd650b11d092f33f)] -> xpath: //input[@name='password']] text
[INFO ] 2023-03-27 11:52:23.396 [main] Log - wait for until element [[ChromeDriver: chrome on WINDOWS (9bd9ae2268bb7fd4fd650b11d092f33f)] -> xpath: //button[normalize-space()='Sign In']]is visible
[INFO ] 2023-03-27 11:52:23.452 [main] Log - Clicked on element [[ChromeDriver: chrome on WINDOWS (9bd9ae2268bb7fd4fd650b11d092f33f)] -> xpath: //button[normalize-space()='Sign In']]
[INFO ] 2023-03-27 11:52:55.696 [main] Log - LoginPage Test is starting. 
[ERROR] 2023-03-27 11:52:55.859 [main] Log - LoginPageTest is failed
[INFO ] 2023-03-27 11:52:55.901 [main] Log - I am on finish method testng
[INFO ] 2023-03-27 11:53:39.078 [main] Log - Opened chrome browser
[INFO ] 2023-03-27 11:53:39.453 [main] Log - Window is maximized
[INFO ] 2023-03-27 11:53:42.571 [main] Log - Opened URL is  https://pulse-stage.projectai.com/login
[INFO ] 2023-03-27 11:53:42.595 [main] Log - LoginPage Test is starting. 
[INFO ] 2023-03-27 11:53:42.681 [main] Log - Text in the element is [[ChromeDriver: chrome on WINDOWS (058bc261467b9cba15145433c8140dcb)] -> xpath: //input[@name='username']]is cleared
[INFO ] 2023-03-27 11:53:42.756 [main] Log - Cliked on textbox [[ChromeDriver: chrome on WINDOWS (058bc261467b9cba15145433c8140dcb)] -> xpath: //input[@name='username']]
[INFO ] 2023-03-27 11:53:42.852 [main] Log - Entered text on [[ChromeDriver: chrome on WINDOWS (058bc261467b9cba15145433c8140dcb)] -> xpath: //input[@name='username']] text
[INFO ] 2023-03-27 11:53:42.892 [main] Log - Text in the element is [[ChromeDriver: chrome on WINDOWS (058bc261467b9cba15145433c8140dcb)] -> xpath: //input[@name='password']]is cleared
[INFO ] 2023-03-27 11:53:42.945 [main] Log - Cliked on textbox [[ChromeDriver: chrome on WINDOWS (058bc261467b9cba15145433c8140dcb)] -> xpath: //input[@name='password']]
[INFO ] 2023-03-27 11:53:43.004 [main] Log - Entered text on [[ChromeDriver: chrome on WINDOWS (058bc261467b9cba15145433c8140dcb)] -> xpath: //input[@name='password']] text
[INFO ] 2023-03-27 11:53:43.055 [main] Log - wait for until element [[ChromeDriver: chrome on WINDOWS (058bc261467b9cba15145433c8140dcb)] -> xpath: //button[normalize-space()='Sign In']]is visible
[INFO ] 2023-03-27 11:53:43.114 [main] Log - Clicked on element [[ChromeDriver: chrome on WINDOWS (058bc261467b9cba15145433c8140dcb)] -> xpath: //button[normalize-space()='Sign In']]
[INFO ] 2023-03-27 11:53:51.133 [main] Log - LoginPageTest is passed
[INFO ] 2023-03-27 11:53:51.134 [main] Log - LoginPage com.blazeclan.qa.test.testng.LoginTest 9d1fc79c-6159-40a1-b02f-cb126bfefaec []
[INFO ] 2023-03-27 11:53:52.438 [main] Log - I am on finish method testng
[INFO ] 2023-03-27 11:54:16.368 [main] Log - Opened chrome browser
[INFO ] 2023-03-27 11:54:16.702 [main] Log - Window is maximized
[INFO ] 2023-03-27 11:54:19.376 [main] Log - Opened URL is  https://pulse-stage.projectai.com/login
[INFO ] 2023-03-27 11:54:19.398 [main] Log - LoginPage Test is starting. 
[INFO ] 2023-03-27 11:54:19.468 [main] Log - Text in the element is [[ChromeDriver: chrome on WINDOWS (b256f5fb681019e8829510a2eb9508ef)] -> xpath: //input[@name='username']]is cleared
[INFO ] 2023-03-27 11:54:19.531 [main] Log - Cliked on textbox [[ChromeDriver: chrome on WINDOWS (b256f5fb681019e8829510a2eb9508ef)] -> xpath: //input[@name='username']]
[INFO ] 2023-03-27 11:54:19.622 [main] Log - Entered text on [[ChromeDriver: chrome on WINDOWS (b256f5fb681019e8829510a2eb9508ef)] -> xpath: //input[@name='username']] text
[INFO ] 2023-03-27 11:54:19.661 [main] Log - Text in the element is [[ChromeDriver: chrome on WINDOWS (b256f5fb681019e8829510a2eb9508ef)] -> xpath: //input[@name='password']]is cleared
[INFO ] 2023-03-27 11:54:19.703 [main] Log - Cliked on textbox [[ChromeDriver: chrome on WINDOWS (b256f5fb681019e8829510a2eb9508ef)] -> xpath: //input[@name='password']]
[INFO ] 2023-03-27 11:54:19.749 [main] Log - Entered text on [[ChromeDriver: chrome on WINDOWS (b256f5fb681019e8829510a2eb9508ef)] -> xpath: //input[@name='password']] text
[INFO ] 2023-03-27 11:54:19.796 [main] Log - wait for until element [[ChromeDriver: chrome on WINDOWS (b256f5fb681019e8829510a2eb9508ef)] -> xpath: //button[normalize-space()='Sign In']]is visible
[INFO ] 2023-03-27 11:54:19.841 [main] Log - Clicked on element [[ChromeDriver: chrome on WINDOWS (b256f5fb681019e8829510a2eb9508ef)] -> xpath: //button[normalize-space()='Sign In']]
[INFO ] 2023-03-27 11:54:27.884 [main] Log - LoginPageTest is passed
[INFO ] 2023-03-27 11:54:27.885 [main] Log - LoginPage com.blazeclan.qa.test.testng.LoginTest 2a0afc2c-2858-41f7-97c2-7e6d80985edf []
[INFO ] 2023-03-27 11:54:29.054 [main] Log - I am on finish method testng
[INFO ] 2023-03-27 11:57:44.457 [main] Log - Opened chrome browser
[INFO ] 2023-03-27 11:57:44.959 [main] Log - Window is maximized
[INFO ] 2023-03-27 11:57:51.377 [main] Log - Opened URL is  https://pulse-stage.projectai.com/login
[INFO ] 2023-03-27 11:57:51.440 [main] Log - LoginPage Test is starting. 
[INFO ] 2023-03-27 11:57:51.587 [main] Log - Text in the element is [[ChromeDriver: chrome on WINDOWS (2803c4cecbd273710438f40b321e8499)] -> xpath: //input[@name='username']]is cleared
[INFO ] 2023-03-27 11:57:51.693 [main] Log - Cliked on textbox [[ChromeDriver: chrome on WINDOWS (2803c4cecbd273710438f40b321e8499)] -> xpath: //input[@name='username']]
[INFO ] 2023-03-27 11:57:51.937 [main] Log - Entered text on [[ChromeDriver: chrome on WINDOWS (2803c4cecbd273710438f40b321e8499)] -> xpath: //input[@name='username']] text
[INFO ] 2023-03-27 11:57:52.009 [main] Log - Text in the element is [[ChromeDriver: chrome on WINDOWS (2803c4cecbd273710438f40b321e8499)] -> xpath: //input[@name='password']]is cleared
[INFO ] 2023-03-27 11:57:52.102 [main] Log - Cliked on textbox [[ChromeDriver: chrome on WINDOWS (2803c4cecbd273710438f40b321e8499)] -> xpath: //input[@name='password']]
[INFO ] 2023-03-27 11:57:52.209 [main] Log - Entered text on [[ChromeDriver: chrome on WINDOWS (2803c4cecbd273710438f40b321e8499)] -> xpath: //input[@name='password']] text
[INFO ] 2023-03-27 11:57:52.305 [main] Log - wait for until element [[ChromeDriver: chrome on WINDOWS (2803c4cecbd273710438f40b321e8499)] -> xpath: //button[normalize-space()='Sign In']]is visible
[INFO ] 2023-03-27 11:57:52.389 [main] Log - Clicked on element [[ChromeDriver: chrome on WINDOWS (2803c4cecbd273710438f40b321e8499)] -> xpath: //button[normalize-space()='Sign In']]
[INFO ] 2023-03-27 12:16:44.047 [main] Log - Opened chrome browser
[INFO ] 2023-03-27 12:16:44.589 [main] Log - Window is maximized
[INFO ] 2023-03-27 12:16:51.565 [main] Log - Opened URL is  https://pulse-stage.projectai.com/login
[INFO ] 2023-03-27 12:16:51.617 [main] Log - LoginPage Test is starting. 
[INFO ] 2023-03-27 12:16:51.763 [main] Log - Text in the element is [[ChromeDriver: chrome on WINDOWS (42f03113a00ef96e28a964d44a5594f1)] -> xpath: //input[@name='username']]is cleared
[INFO ] 2023-03-27 12:16:51.866 [main] Log - Cliked on textbox [[ChromeDriver: chrome on WINDOWS (42f03113a00ef96e28a964d44a5594f1)] -> xpath: //input[@name='username']]
[INFO ] 2023-03-27 12:16:52.067 [main] Log - Entered text on [[ChromeDriver: chrome on WINDOWS (42f03113a00ef96e28a964d44a5594f1)] -> xpath: //input[@name='username']] text
[INFO ] 2023-03-27 12:16:52.152 [main] Log - Text in the element is [[ChromeDriver: chrome on WINDOWS (42f03113a00ef96e28a964d44a5594f1)] -> xpath: //input[@name='password']]is cleared
[INFO ] 2023-03-27 12:16:52.233 [main] Log - Cliked on textbox [[ChromeDriver: chrome on WINDOWS (42f03113a00ef96e28a964d44a5594f1)] -> xpath: //input[@name='password']]
[INFO ] 2023-03-27 12:16:52.328 [main] Log - Entered text on [[ChromeDriver: chrome on WINDOWS (42f03113a00ef96e28a964d44a5594f1)] -> xpath: //input[@name='password']] text
[INFO ] 2023-03-27 12:16:52.427 [main] Log - wait for until element [[ChromeDriver: chrome on WINDOWS (42f03113a00ef96e28a964d44a5594f1)] -> xpath: //button[normalize-space()='Sign In']]is visible
[INFO ] 2023-03-27 12:16:52.513 [main] Log - Clicked on element [[ChromeDriver: chrome on WINDOWS (42f03113a00ef96e28a964d44a5594f1)] -> xpath: //button[normalize-space()='Sign In']]
[INFO ] 2023-03-27 12:17:00.552 [main] Log - LoginPageTest is passed
[INFO ] 2023-03-27 12:17:00.552 [main] Log - LoginPage com.blazeclan.qa.test.testng.LoginTest 75528e99-74f5-46ae-a991-238724aff7fa []
[INFO ] 2023-03-27 12:17:02.092 [main] Log - I am on finish method testng
[INFO ] 2023-03-27 14:04:09.864 [main] Log - Opened chrome browser
[INFO ] 2023-03-27 14:04:10.208 [main] Log - Window is maximized
[INFO ] 2023-03-27 14:04:11.778 [main] Log - Opened URL is  https://pulse-stage.projectai.com/login
[INFO ] 2023-03-27 14:04:11.801 [main] Log - LoginPage Test is starting. 
[ERROR] 2023-03-27 14:04:11.944 [main] Log - LoginPageTest is failed
[INFO ] 2023-03-27 14:04:12.123 [main] Log - I am on finish method testng
[INFO ] 2023-03-27 14:04:43.149 [main] Log - Opened chrome browser
[INFO ] 2023-03-27 14:04:43.472 [main] Log - Window is maximized
[INFO ] 2023-03-27 14:04:51.636 [main] Log - Opened URL is  https://pulse-stage.projectai.com/login
[INFO ] 2023-03-27 14:04:51.662 [main] Log - LoginPage Test is starting. 
[INFO ] 2023-03-27 14:04:51.779 [main] Log - Text in the element is [[ChromeDriver: chrome on WINDOWS (2e7d10e016b7f319052e5eb45ab021ed)] -> xpath: //input[@name='username']]is cleared
[INFO ] 2023-03-27 14:04:51.869 [main] Log - Cliked on textbox [[ChromeDriver: chrome on WINDOWS (2e7d10e016b7f319052e5eb45ab021ed)] -> xpath: //input[@name='username']]
[INFO ] 2023-03-27 14:04:52.044 [main] Log - Entered text on [[ChromeDriver: chrome on WINDOWS (2e7d10e016b7f319052e5eb45ab021ed)] -> xpath: //input[@name='username']] text
[INFO ] 2023-03-27 14:04:52.129 [main] Log - Text in the element is [[ChromeDriver: chrome on WINDOWS (2e7d10e016b7f319052e5eb45ab021ed)] -> xpath: //input[@name='password']]is cleared
[INFO ] 2023-03-27 14:04:52.205 [main] Log - Cliked on textbox [[ChromeDriver: chrome on WINDOWS (2e7d10e016b7f319052e5eb45ab021ed)] -> xpath: //input[@name='password']]
[INFO ] 2023-03-27 14:04:52.297 [main] Log - Entered text on [[ChromeDriver: chrome on WINDOWS (2e7d10e016b7f319052e5eb45ab021ed)] -> xpath: //input[@name='password']] text
[INFO ] 2023-03-27 14:04:52.364 [main] Log - wait for until element [[ChromeDriver: chrome on WINDOWS (2e7d10e016b7f319052e5eb45ab021ed)] -> xpath: //button[normalize-space()='Sign In']]is visible
[INFO ] 2023-03-27 14:04:52.440 [main] Log - Clicked on element [[ChromeDriver: chrome on WINDOWS (2e7d10e016b7f319052e5eb45ab021ed)] -> xpath: //button[normalize-space()='Sign In']]
[INFO ] 2023-03-27 14:05:00.470 [main] Log - LoginPageTest is passed
[INFO ] 2023-03-27 14:05:00.471 [main] Log - LoginPage com.blazeclan.qa.test.testng.LoginTest 10d184bc-a5fa-487e-abb8-023d1399a63b []
[INFO ] 2023-03-27 14:05:00.663 [main] Log - I am on finish method testng
[INFO ] 2023-03-27 14:38:51.062 [main] Log - Opened chrome browser
[INFO ] 2023-03-27 14:38:51.511 [main] Log - Window is maximized
[INFO ] 2023-03-27 14:38:53.807 [main] Log - Opened URL is  https://pulse-stage.projectai.com/login
[INFO ] 2023-03-27 14:38:53.838 [main] Log - LoginPage Test is starting. 
[ERROR] 2023-03-27 14:38:53.918 [main] Log - LoginPageTest is failed
[INFO ] 2023-03-27 14:38:54.084 [main] Log - I am on finish method testng
[INFO ] 2023-03-27 14:40:04.423 [main] Log - Opened chrome browser
[INFO ] 2023-03-27 14:40:04.890 [main] Log - Window is maximized
[INFO ] 2023-03-27 14:40:06.773 [main] Log - Opened URL is  https://pulse-stage.projectai.com/login
[INFO ] 2023-03-27 14:40:06.810 [main] Log - LoginPage Test is starting. 
[ERROR] 2023-03-27 14:40:06.915 [main] Log - LoginPageTest is failed
[INFO ] 2023-03-27 14:40:07.137 [main] Log - I am on finish method testng
[INFO ] 2023-03-27 14:40:35.750 [main] Log - Opened chrome browser
[INFO ] 2023-03-27 14:40:36.486 [main] Log - Window is maximized
[INFO ] 2023-03-27 14:40:41.543 [main] Log - Opened URL is  https://pulse-stage.projectai.com/login
[INFO ] 2023-03-27 14:40:41.600 [main] Log - LoginPage Test is starting. 
[INFO ] 2023-03-27 14:40:41.762 [main] Log - Text in the element is [[ChromeDriver: chrome on WINDOWS (dd30c6ec3eaffe98961d73be206c2c25)] -> xpath: //input[@name='username']]is cleared
[INFO ] 2023-03-27 14:40:41.893 [main] Log - Cliked on textbox [[ChromeDriver: chrome on WINDOWS (dd30c6ec3eaffe98961d73be206c2c25)] -> xpath: //input[@name='username']]
[INFO ] 2023-03-27 14:40:42.235 [main] Log - Entered text on [[ChromeDriver: chrome on WINDOWS (dd30c6ec3eaffe98961d73be206c2c25)] -> xpath: //input[@name='username']] text
[INFO ] 2023-03-27 14:40:42.317 [main] Log - Text in the element is [[ChromeDriver: chrome on WINDOWS (dd30c6ec3eaffe98961d73be206c2c25)] -> xpath: //input[@name='password']]is cleared
[INFO ] 2023-03-27 14:40:42.398 [main] Log - Cliked on textbox [[ChromeDriver: chrome on WINDOWS (dd30c6ec3eaffe98961d73be206c2c25)] -> xpath: //input[@name='password']]
[INFO ] 2023-03-27 14:40:42.508 [main] Log - Entered text on [[ChromeDriver: chrome on WINDOWS (dd30c6ec3eaffe98961d73be206c2c25)] -> xpath: //input[@name='password']] text
[INFO ] 2023-03-27 14:40:42.607 [main] Log - wait for until element [[ChromeDriver: chrome on WINDOWS (dd30c6ec3eaffe98961d73be206c2c25)] -> xpath: //button[normalize-space()='Sign In']]is visible
[INFO ] 2023-03-27 14:40:42.698 [main] Log - Clicked on element [[ChromeDriver: chrome on WINDOWS (dd30c6ec3eaffe98961d73be206c2c25)] -> xpath: //button[normalize-space()='Sign In']]
[ERROR] 2023-03-27 14:40:45.725 [main] Log - LoginPageTest is failed
[ERROR] 2023-03-27 14:40:45.733 [main] Log - LoginPageTest is failed
[INFO ] 2023-03-27 14:40:45.810 [main] Log - I am on finish method testng
[INFO ] 2023-03-27 14:46:18.517 [main] Log - Opened chrome browser
[INFO ] 2023-03-27 14:46:19.003 [main] Log - Window is maximized
[INFO ] 2023-03-27 14:46:21.453 [main] Log - Opened URL is  https://pulse-stage.projectai.com/login
[INFO ] 2023-03-27 14:46:21.490 [main] Log - LoginPage Test is starting. 
[ERROR] 2023-03-27 14:46:21.567 [main] Log - LoginPageTest is failed
[INFO ] 2023-03-27 14:46:22.232 [main] Log - I am on finish method testng
[INFO ] 2023-03-27 14:52:15.916 [main] Log - Opened chrome browser
[INFO ] 2023-03-27 14:52:16.361 [main] Log - Window is maximized
[INFO ] 2023-03-27 14:52:18.263 [main] Log - Opened URL is  https://pulse-stage.projectai.com/login
[INFO ] 2023-03-27 14:52:18.296 [main] Log - LoginPage Test is starting. 
[ERROR] 2023-03-27 14:52:18.370 [main] Log - LoginPageTest is failed
[INFO ] 2023-03-27 14:52:19.010 [main] Log - I am on finish method testng
[INFO ] 2023-03-27 14:52:46.233 [main] Log - Opened chrome browser
[INFO ] 2023-03-27 14:52:46.613 [main] Log - Window is maximized
[INFO ] 2023-03-27 14:52:49.097 [main] Log - Opened URL is  https://pulse-stage.projectai.com/login
[INFO ] 2023-03-27 14:52:49.120 [main] Log - LoginPage Test is starting. 
[ERROR] 2023-03-27 14:52:49.180 [main] Log - LoginPageTest is failed
[INFO ] 2023-03-27 14:52:49.854 [main] Log - I am on finish method testng
[INFO ] 2023-03-27 14:53:28.041 [main] Log - Opened chrome browser
[INFO ] 2023-03-27 14:53:28.421 [main] Log - Window is maximized
[INFO ] 2023-03-27 14:53:29.891 [main] Log - Opened URL is  https://pulse-stage.projectai.com/login
[INFO ] 2023-03-27 14:53:29.917 [main] Log - LoginPage Test is starting. 
[ERROR] 2023-03-27 14:53:29.987 [main] Log - LoginPageTest is failed
[INFO ] 2023-03-27 14:53:30.671 [main] Log - I am on finish method testng
[INFO ] 2023-03-27 15:01:51.129 [main] Log - Opened chrome browser
[INFO ] 2023-03-27 15:01:51.617 [main] Log - Window is maximized
[INFO ] 2023-03-27 15:01:53.622 [main] Log - Opened URL is  https://pulse-stage.projectai.com/login
[INFO ] 2023-03-27 15:01:53.658 [main] Log - LoginPage Test is starting. 
[ERROR] 2023-03-27 15:01:53.737 [main] Log - LoginPageTest is failed
[INFO ] 2023-03-27 15:01:54.493 [main] Log - I am on finish method testng
[INFO ] 2023-03-27 16:19:04.950 [main] Log - Opened chrome browser
[INFO ] 2023-03-27 16:19:05.368 [main] Log - Window is maximized
[INFO ] 2023-03-27 16:19:07.394 [main] Log - Opened URL is  https://pulse-stage.projectai.com/login
[INFO ] 2023-03-27 16:19:07.422 [main] Log - LoginPage Test is starting. 
[ERROR] 2023-03-27 16:19:07.485 [main] Log - LoginPageTest is failed
[INFO ] 2023-03-27 16:19:07.891 [main] Log - I am on finish method testng
[INFO ] 2023-03-27 16:23:12.967 [main] Log - Opened chrome browser
[INFO ] 2023-03-27 16:23:13.321 [main] Log - Window is maximized
[INFO ] 2023-03-27 16:23:14.866 [main] Log - Opened URL is  https://pulse-stage.projectai.com/login
[INFO ] 2023-03-27 16:23:14.889 [main] Log - LoginPage Test is starting. 
[ERROR] 2023-03-27 16:23:14.937 [main] Log - LoginPageTest is failed
[INFO ] 2023-03-27 16:23:15.359 [main] Log - I am on finish method testng
[INFO ] 2023-03-27 16:26:58.609 [main] Log - Opened chrome browser
[INFO ] 2023-03-27 16:26:58.975 [main] Log - Window is maximized
[INFO ] 2023-03-27 16:27:00.544 [main] Log - Opened URL is  https://pulse-stage.projectai.com/login
[INFO ] 2023-03-27 16:27:00.577 [main] Log - LoginPage Test is starting. 
[ERROR] 2023-03-27 16:27:00.628 [main] Log - LoginPageTest is failed
[INFO ] 2023-03-27 16:27:01.102 [main] Log - I am on finish method testng
[INFO ] 2023-03-27 16:27:42.454 [main] Log - Opened chrome browser
[INFO ] 2023-03-27 16:27:42.818 [main] Log - Window is maximized
[INFO ] 2023-03-27 16:27:43.723 [main] Log - Opened URL is  https://pulse-stage.projectai.com/login
[INFO ] 2023-03-27 16:27:43.748 [main] Log - LoginPage Test is starting. 
[ERROR] 2023-03-27 16:27:43.787 [main] Log - LoginPageTest is failed
[INFO ] 2023-03-27 16:27:44.221 [main] Log - I am on finish method testng
[INFO ] 2023-03-27 16:40:50.075 [main] Log - Opened chrome browser
[INFO ] 2023-03-27 16:40:50.491 [main] Log - Window is maximized
[INFO ] 2023-03-27 16:40:59.512 [main] Log - Opened URL is  https://prerelease-user-management-ui.predikt-r.com/login
[INFO ] 2023-03-27 16:40:59.531 [main] Log - LoginPage Test is starting. 
[INFO ] 2023-03-27 16:40:59.620 [main] Log - Text in the element is [[ChromeDriver: chrome on WINDOWS (dc99da7f6ce23fb89b4e49600f682ec3)] -> xpath: //input[@id='coordinated_email']]is cleared
[INFO ] 2023-03-27 16:40:59.676 [main] Log - Cliked on textbox [[ChromeDriver: chrome on WINDOWS (dc99da7f6ce23fb89b4e49600f682ec3)] -> xpath: //input[@id='coordinated_email']]
[INFO ] 2023-03-27 16:40:59.836 [main] Log - Entered text on [[ChromeDriver: chrome on WINDOWS (dc99da7f6ce23fb89b4e49600f682ec3)] -> xpath: //input[@id='coordinated_email']] text
[INFO ] 2023-03-27 16:40:59.884 [main] Log - Text in the element is [[ChromeDriver: chrome on WINDOWS (dc99da7f6ce23fb89b4e49600f682ec3)] -> xpath: //input[@id='coordinated_password']]is cleared
[INFO ] 2023-03-27 16:40:59.940 [main] Log - Cliked on textbox [[ChromeDriver: chrome on WINDOWS (dc99da7f6ce23fb89b4e49600f682ec3)] -> xpath: //input[@id='coordinated_password']]
[INFO ] 2023-03-27 16:41:00.008 [main] Log - Entered text on [[ChromeDriver: chrome on WINDOWS (dc99da7f6ce23fb89b4e49600f682ec3)] -> xpath: //input[@id='coordinated_password']] text
[INFO ] 2023-03-27 16:41:00.075 [main] Log - wait for until element [[ChromeDriver: chrome on WINDOWS (dc99da7f6ce23fb89b4e49600f682ec3)] -> xpath: //button[@type='submit']]is visible
[INFO ] 2023-03-27 16:41:00.140 [main] Log - Clicked on element [[ChromeDriver: chrome on WINDOWS (dc99da7f6ce23fb89b4e49600f682ec3)] -> xpath: //button[@type='submit']]
[ERROR] 2023-03-27 16:41:03.164 [main] Log - LoginPageTest is failed
[INFO ] 2023-03-27 16:41:04.413 [main] Log - I am on finish method testng
[INFO ] 2023-03-27 16:41:44.721 [main] Log - Opened chrome browser
[INFO ] 2023-03-27 16:41:45.070 [main] Log - Window is maximized
[INFO ] 2023-03-27 16:41:51.089 [main] Log - Opened URL is  https://prerelease-user-management-ui.predikt-r.com/login
[INFO ] 2023-03-27 16:41:51.120 [main] Log - LoginPage Test is starting. 
[INFO ] 2023-03-27 16:41:51.218 [main] Log - Text in the element is [[ChromeDriver: chrome on WINDOWS (d5e46a44101e9f4dcb13614df2bb7b23)] -> xpath: //input[@id='coordinated_email']]is cleared
[INFO ] 2023-03-27 16:41:51.282 [main] Log - Cliked on textbox [[ChromeDriver: chrome on WINDOWS (d5e46a44101e9f4dcb13614df2bb7b23)] -> xpath: //input[@id='coordinated_email']]
[INFO ] 2023-03-27 16:41:51.411 [main] Log - Entered text on [[ChromeDriver: chrome on WINDOWS (d5e46a44101e9f4dcb13614df2bb7b23)] -> xpath: //input[@id='coordinated_email']] text
[INFO ] 2023-03-27 16:41:51.461 [main] Log - Text in the element is [[ChromeDriver: chrome on WINDOWS (d5e46a44101e9f4dcb13614df2bb7b23)] -> xpath: //input[@id='coordinated_password']]is cleared
[INFO ] 2023-03-27 16:41:51.514 [main] Log - Cliked on textbox [[ChromeDriver: chrome on WINDOWS (d5e46a44101e9f4dcb13614df2bb7b23)] -> xpath: //input[@id='coordinated_password']]
[INFO ] 2023-03-27 16:41:51.586 [main] Log - Entered text on [[ChromeDriver: chrome on WINDOWS (d5e46a44101e9f4dcb13614df2bb7b23)] -> xpath: //input[@id='coordinated_password']] text
[INFO ] 2023-03-27 16:41:51.641 [main] Log - wait for until element [[ChromeDriver: chrome on WINDOWS (d5e46a44101e9f4dcb13614df2bb7b23)] -> xpath: //button[@type='submit']]is visible
[INFO ] 2023-03-27 16:41:51.717 [main] Log - Clicked on element [[ChromeDriver: chrome on WINDOWS (d5e46a44101e9f4dcb13614df2bb7b23)] -> xpath: //button[@type='submit']]
[INFO ] 2023-03-27 16:41:59.757 [main] Log - LoginPageTest is passed
[INFO ] 2023-03-27 16:41:59.757 [main] Log - LoginPage com.blazeclan.qa.test.testng.LoginTest 518cceb6-335d-4515-93d8-0195a345b6ca []
[INFO ] 2023-03-27 16:42:00.941 [main] Log - I am on finish method testng
